<?xml version="1.0" encoding="utf-8"?><testsuites name="pytest tests"><testsuite name="pytest" errors="0" failures="0" skipped="0" tests="19" time="8.922" timestamp="2026-03-21T07:20:24.524760+00:00" hostname="agent-env-18eada91-1ead-4709-8c6b-6d4f5fddbe66"><testcase classname="tests.test_api.TestHealthCheck" name="test_api_root" time="0.282" /><testcase classname="tests.test_api.TestDeviceRegistration" name="test_register_device" time="0.157" /><testcase classname="tests.test_api.TestDeviceRegistration" name="test_register_device_update" time="0.131" /><testcase classname="tests.test_api.TestURLImport" name="test_import_sklavenitis_url" time="3.273" /><testcase classname="tests.test_api.TestURLImport" name="test_import_jumbo_url" time="2.378" /><testcase classname="tests.test_api.TestURLImport" name="test_import_mymarket_url" time="0.983" /><testcase classname="tests.test_api.TestURLImport" name="test_reject_epsilon_digital_url" time="0.112" /><testcase classname="tests.test_api.TestURLImport" name="test_reject_unknown_url" time="0.095" /><testcase classname="tests.test_api.TestReceiptRetrieval" name="test_get_receipts" time="0.117" /><testcase classname="tests.test_api.TestReceiptRetrieval" name="test_get_receipts_with_search" time="0.100" /><testcase classname="tests.test_api.TestReceiptRetrieval" name="test_get_single_receipt" time="0.213" /><testcase classname="tests.test_api.TestReceiptRetrieval" name="test_get_nonexistent_receipt" time="0.105" /><testcase classname="tests.test_api.TestStats" name="test_get_stats" time="0.102" /><testcase classname="tests.test_api.TestProductComparison" name="test_compare_products" time="0.097" /><testcase classname="tests.test_api.TestProductComparison" name="test_compare_products_no_results" time="0.147" /><testcase classname="tests.test_api.TestBackupExport" name="test_export_data" time="0.123" /><testcase classname="tests.test_api.TestManualReceipt" name="test_create_manual_receipt" time="0.110" /><testcase classname="tests.test_api.TestDeleteReceipt" name="test_delete_receipt" time="0.201" /><testcase classname="tests.test_api.TestDeleteReceipt" name="test_delete_nonexistent_receipt" time="0.092" /></testsuite></testsuites>